[2025-08-05 16:55:57] production.INFO: Detected N+1 Query  
[2025-08-05 16:55:57] production.INFO: Model: App\Models\Appointment
Relation: App\Models\Staff
Num-Called: 2
Call-Stack:
#18 /app/Traits/AppointmentManager.php:281
#19 /app/Traits/AppointmentManager.php:312
#20 /vendor/laravel/framework/src/Illuminate/Routing/Controller.php:54
#21 /vendor/laravel/framework/src/Illuminate/Routing/ControllerDispatcher.php:43
#22 /vendor/laravel/framework/src/Illuminate/Routing/Route.php:259
#23 /vendor/laravel/framework/src/Illuminate/Routing/Route.php:205
#24 /vendor/laravel/framework/src/Illuminate/Routing/Router.php:798
#25 /vendor/laravel/framework/src/Illuminate/Pipeline/Pipeline.php:141
#26 /app/Http/Controllers/Admin/AppointmentController.php:19
#27 /vendor/laravel/framework/src/Illuminate/Pipeline/Pipeline.php:162
#28 /app/Http/Middleware/RedirectIfNotAdmin.php:22
#29 /vendor/laravel/framework/src/Illuminate/Pipeline/Pipeline.php:180
#30 /app/Http/Middleware/LanguageMiddleware.php:22
#31 /vendor/laravel/framework/src/Illuminate/Pipeline/Pipeline.php:180
#32 /vendor/laravel/framework/src/Illuminate/Routing/Middleware/SubstituteBindings.php:50
#33 /vendor/laravel/framework/src/Illuminate/Pipeline/Pipeline.php:180
#34 /vendor/laravel/framework/src/Illuminate/Foundation/Http/Middleware/VerifyCsrfToken.php:78
#35 /vendor/laravel/framework/src/Illuminate/Pipeline/Pipeline.php:180
#36 /vendor/laravel/framework/src/Illuminate/View/Middleware/ShareErrorsFromSession.php:49
#37 /vendor/laravel/framework/src/Illuminate/Pipeline/Pipeline.php:180
#38 /vendor/laravel/framework/src/Illuminate/Session/Middleware/StartSession.php:121
#39 /vendor/laravel/framework/src/Illuminate/Session/Middleware/StartSession.php:64
#40 /vendor/laravel/framework/src/Illuminate/Pipeline/Pipeline.php:180
#41 /vendor/laravel/framework/src/Illuminate/Cookie/Middleware/AddQueuedCookiesToResponse.php:37
#42 /vendor/laravel/framework/src/Illuminate/Pipeline/Pipeline.php:180
#43 /vendor/laravel/framework/src/Illuminate/Cookie/Middleware/EncryptCookies.php:67
#44 /vendor/laravel/framework/src/Illuminate/Pipeline/Pipeline.php:180
#45 /vendor/laramin/utility/src/Utility.php:14
#46 /vendor/laravel/framework/src/Illuminate/Pipeline/Pipeline.php:180
#47 /vendor/laravel/framework/src/Illuminate/Pipeline/Pipeline.php:116
#48 /vendor/laravel/framework/src/Illuminate/Routing/Router.php:797
#49 /vendor/laravel/framework/src/Illuminate/Routing/Router.php:776
  
[2025-08-05 16:55:57] production.INFO: Model: App\Models\Appointment
Relation: App\Models\Assistant
Num-Called: 2
Call-Stack:
#18 /app/Traits/AppointmentManager.php:281
#19 /app/Traits/AppointmentManager.php:312
#20 /vendor/laravel/framework/src/Illuminate/Routing/Controller.php:54
#21 /vendor/laravel/framework/src/Illuminate/Routing/ControllerDispatcher.php:43
#22 /vendor/laravel/framework/src/Illuminate/Routing/Route.php:259
#23 /vendor/laravel/framework/src/Illuminate/Routing/Route.php:205
#24 /vendor/laravel/framework/src/Illuminate/Routing/Router.php:798
#25 /vendor/laravel/framework/src/Illuminate/Pipeline/Pipeline.php:141
#26 /app/Http/Controllers/Admin/AppointmentController.php:19
#27 /vendor/laravel/framework/src/Illuminate/Pipeline/Pipeline.php:162
#28 /app/Http/Middleware/RedirectIfNotAdmin.php:22
#29 /vendor/laravel/framework/src/Illuminate/Pipeline/Pipeline.php:180
#30 /app/Http/Middleware/LanguageMiddleware.php:22
#31 /vendor/laravel/framework/src/Illuminate/Pipeline/Pipeline.php:180
#32 /vendor/laravel/framework/src/Illuminate/Routing/Middleware/SubstituteBindings.php:50
#33 /vendor/laravel/framework/src/Illuminate/Pipeline/Pipeline.php:180
#34 /vendor/laravel/framework/src/Illuminate/Foundation/Http/Middleware/VerifyCsrfToken.php:78
#35 /vendor/laravel/framework/src/Illuminate/Pipeline/Pipeline.php:180
#36 /vendor/laravel/framework/src/Illuminate/View/Middleware/ShareErrorsFromSession.php:49
#37 /vendor/laravel/framework/src/Illuminate/Pipeline/Pipeline.php:180
#38 /vendor/laravel/framework/src/Illuminate/Session/Middleware/StartSession.php:121
#39 /vendor/laravel/framework/src/Illuminate/Session/Middleware/StartSession.php:64
#40 /vendor/laravel/framework/src/Illuminate/Pipeline/Pipeline.php:180
#41 /vendor/laravel/framework/src/Illuminate/Cookie/Middleware/AddQueuedCookiesToResponse.php:37
#42 /vendor/laravel/framework/src/Illuminate/Pipeline/Pipeline.php:180
#43 /vendor/laravel/framework/src/Illuminate/Cookie/Middleware/EncryptCookies.php:67
#44 /vendor/laravel/framework/src/Illuminate/Pipeline/Pipeline.php:180
#45 /vendor/laramin/utility/src/Utility.php:14
#46 /vendor/laravel/framework/src/Illuminate/Pipeline/Pipeline.php:180
#47 /vendor/laravel/framework/src/Illuminate/Pipeline/Pipeline.php:116
#48 /vendor/laravel/framework/src/Illuminate/Routing/Router.php:797
#49 /vendor/laravel/framework/src/Illuminate/Routing/Router.php:776
  
[2025-08-05 16:56:27] production.INFO: Detected N+1 Query  
[2025-08-05 16:56:27] production.INFO: Model: App\Models\Appointment
Relation: App\Models\Staff
Num-Called: 2
Call-Stack:
#18 /app/Traits/AppointmentManager.php:281
#19 /app/Traits/AppointmentManager.php:312
#20 /vendor/laravel/framework/src/Illuminate/Routing/Controller.php:54
#21 /vendor/laravel/framework/src/Illuminate/Routing/ControllerDispatcher.php:43
#22 /vendor/laravel/framework/src/Illuminate/Routing/Route.php:259
#23 /vendor/laravel/framework/src/Illuminate/Routing/Route.php:205
#24 /vendor/laravel/framework/src/Illuminate/Routing/Router.php:798
#25 /vendor/laravel/framework/src/Illuminate/Pipeline/Pipeline.php:141
#26 /app/Http/Controllers/Admin/AppointmentController.php:19
#27 /vendor/laravel/framework/src/Illuminate/Pipeline/Pipeline.php:162
#28 /app/Http/Middleware/RedirectIfNotAdmin.php:22
#29 /vendor/laravel/framework/src/Illuminate/Pipeline/Pipeline.php:180
#30 /app/Http/Middleware/LanguageMiddleware.php:22
#31 /vendor/laravel/framework/src/Illuminate/Pipeline/Pipeline.php:180
#32 /vendor/laravel/framework/src/Illuminate/Routing/Middleware/SubstituteBindings.php:50
#33 /vendor/laravel/framework/src/Illuminate/Pipeline/Pipeline.php:180
#34 /vendor/laravel/framework/src/Illuminate/Foundation/Http/Middleware/VerifyCsrfToken.php:78
#35 /vendor/laravel/framework/src/Illuminate/Pipeline/Pipeline.php:180
#36 /vendor/laravel/framework/src/Illuminate/View/Middleware/ShareErrorsFromSession.php:49
#37 /vendor/laravel/framework/src/Illuminate/Pipeline/Pipeline.php:180
#38 /vendor/laravel/framework/src/Illuminate/Session/Middleware/StartSession.php:121
#39 /vendor/laravel/framework/src/Illuminate/Session/Middleware/StartSession.php:64
#40 /vendor/laravel/framework/src/Illuminate/Pipeline/Pipeline.php:180
#41 /vendor/laravel/framework/src/Illuminate/Cookie/Middleware/AddQueuedCookiesToResponse.php:37
#42 /vendor/laravel/framework/src/Illuminate/Pipeline/Pipeline.php:180
#43 /vendor/laravel/framework/src/Illuminate/Cookie/Middleware/EncryptCookies.php:67
#44 /vendor/laravel/framework/src/Illuminate/Pipeline/Pipeline.php:180
#45 /vendor/laramin/utility/src/Utility.php:14
#46 /vendor/laravel/framework/src/Illuminate/Pipeline/Pipeline.php:180
#47 /vendor/laravel/framework/src/Illuminate/Pipeline/Pipeline.php:116
#48 /vendor/laravel/framework/src/Illuminate/Routing/Router.php:797
#49 /vendor/laravel/framework/src/Illuminate/Routing/Router.php:776
  
[2025-08-05 16:56:27] production.INFO: Model: App\Models\Appointment
Relation: App\Models\Assistant
Num-Called: 2
Call-Stack:
#18 /app/Traits/AppointmentManager.php:281
#19 /app/Traits/AppointmentManager.php:312
#20 /vendor/laravel/framework/src/Illuminate/Routing/Controller.php:54
#21 /vendor/laravel/framework/src/Illuminate/Routing/ControllerDispatcher.php:43
#22 /vendor/laravel/framework/src/Illuminate/Routing/Route.php:259
#23 /vendor/laravel/framework/src/Illuminate/Routing/Route.php:205
#24 /vendor/laravel/framework/src/Illuminate/Routing/Router.php:798
#25 /vendor/laravel/framework/src/Illuminate/Pipeline/Pipeline.php:141
#26 /app/Http/Controllers/Admin/AppointmentController.php:19
#27 /vendor/laravel/framework/src/Illuminate/Pipeline/Pipeline.php:162
#28 /app/Http/Middleware/RedirectIfNotAdmin.php:22
#29 /vendor/laravel/framework/src/Illuminate/Pipeline/Pipeline.php:180
#30 /app/Http/Middleware/LanguageMiddleware.php:22
#31 /vendor/laravel/framework/src/Illuminate/Pipeline/Pipeline.php:180
#32 /vendor/laravel/framework/src/Illuminate/Routing/Middleware/SubstituteBindings.php:50
#33 /vendor/laravel/framework/src/Illuminate/Pipeline/Pipeline.php:180
#34 /vendor/laravel/framework/src/Illuminate/Foundation/Http/Middleware/VerifyCsrfToken.php:78
#35 /vendor/laravel/framework/src/Illuminate/Pipeline/Pipeline.php:180
#36 /vendor/laravel/framework/src/Illuminate/View/Middleware/ShareErrorsFromSession.php:49
#37 /vendor/laravel/framework/src/Illuminate/Pipeline/Pipeline.php:180
#38 /vendor/laravel/framework/src/Illuminate/Session/Middleware/StartSession.php:121
#39 /vendor/laravel/framework/src/Illuminate/Session/Middleware/StartSession.php:64
#40 /vendor/laravel/framework/src/Illuminate/Pipeline/Pipeline.php:180
#41 /vendor/laravel/framework/src/Illuminate/Cookie/Middleware/AddQueuedCookiesToResponse.php:37
#42 /vendor/laravel/framework/src/Illuminate/Pipeline/Pipeline.php:180
#43 /vendor/laravel/framework/src/Illuminate/Cookie/Middleware/EncryptCookies.php:67
#44 /vendor/laravel/framework/src/Illuminate/Pipeline/Pipeline.php:180
#45 /vendor/laramin/utility/src/Utility.php:14
#46 /vendor/laravel/framework/src/Illuminate/Pipeline/Pipeline.php:180
#47 /vendor/laravel/framework/src/Illuminate/Pipeline/Pipeline.php:116
#48 /vendor/laravel/framework/src/Illuminate/Routing/Router.php:797
#49 /vendor/laravel/framework/src/Illuminate/Routing/Router.php:776
  
[2025-08-05 16:56:51] production.INFO: Detected N+1 Query  
[2025-08-05 16:56:51] production.INFO: Model: App\Models\Appointment
Relation: App\Models\Staff
Num-Called: 2
Call-Stack:
#18 /app/Traits/AppointmentManager.php:281
#19 /app/Traits/AppointmentManager.php:312
#20 /vendor/laravel/framework/src/Illuminate/Routing/Controller.php:54
#21 /vendor/laravel/framework/src/Illuminate/Routing/ControllerDispatcher.php:43
#22 /vendor/laravel/framework/src/Illuminate/Routing/Route.php:259
#23 /vendor/laravel/framework/src/Illuminate/Routing/Route.php:205
#24 /vendor/laravel/framework/src/Illuminate/Routing/Router.php:798
#25 /vendor/laravel/framework/src/Illuminate/Pipeline/Pipeline.php:141
#26 /app/Http/Controllers/Admin/AppointmentController.php:19
#27 /vendor/laravel/framework/src/Illuminate/Pipeline/Pipeline.php:162
#28 /app/Http/Middleware/RedirectIfNotAdmin.php:22
#29 /vendor/laravel/framework/src/Illuminate/Pipeline/Pipeline.php:180
#30 /app/Http/Middleware/LanguageMiddleware.php:22
#31 /vendor/laravel/framework/src/Illuminate/Pipeline/Pipeline.php:180
#32 /vendor/laravel/framework/src/Illuminate/Routing/Middleware/SubstituteBindings.php:50
#33 /vendor/laravel/framework/src/Illuminate/Pipeline/Pipeline.php:180
#34 /vendor/laravel/framework/src/Illuminate/Foundation/Http/Middleware/VerifyCsrfToken.php:78
#35 /vendor/laravel/framework/src/Illuminate/Pipeline/Pipeline.php:180
#36 /vendor/laravel/framework/src/Illuminate/View/Middleware/ShareErrorsFromSession.php:49
#37 /vendor/laravel/framework/src/Illuminate/Pipeline/Pipeline.php:180
#38 /vendor/laravel/framework/src/Illuminate/Session/Middleware/StartSession.php:121
#39 /vendor/laravel/framework/src/Illuminate/Session/Middleware/StartSession.php:64
#40 /vendor/laravel/framework/src/Illuminate/Pipeline/Pipeline.php:180
#41 /vendor/laravel/framework/src/Illuminate/Cookie/Middleware/AddQueuedCookiesToResponse.php:37
#42 /vendor/laravel/framework/src/Illuminate/Pipeline/Pipeline.php:180
#43 /vendor/laravel/framework/src/Illuminate/Cookie/Middleware/EncryptCookies.php:67
#44 /vendor/laravel/framework/src/Illuminate/Pipeline/Pipeline.php:180
#45 /vendor/laramin/utility/src/Utility.php:14
#46 /vendor/laravel/framework/src/Illuminate/Pipeline/Pipeline.php:180
#47 /vendor/laravel/framework/src/Illuminate/Pipeline/Pipeline.php:116
#48 /vendor/laravel/framework/src/Illuminate/Routing/Router.php:797
#49 /vendor/laravel/framework/src/Illuminate/Routing/Router.php:776
  
[2025-08-05 16:56:51] production.INFO: Model: App\Models\Appointment
Relation: App\Models\Assistant
Num-Called: 2
Call-Stack:
#18 /app/Traits/AppointmentManager.php:281
#19 /app/Traits/AppointmentManager.php:312
#20 /vendor/laravel/framework/src/Illuminate/Routing/Controller.php:54
#21 /vendor/laravel/framework/src/Illuminate/Routing/ControllerDispatcher.php:43
#22 /vendor/laravel/framework/src/Illuminate/Routing/Route.php:259
#23 /vendor/laravel/framework/src/Illuminate/Routing/Route.php:205
#24 /vendor/laravel/framework/src/Illuminate/Routing/Router.php:798
#25 /vendor/laravel/framework/src/Illuminate/Pipeline/Pipeline.php:141
#26 /app/Http/Controllers/Admin/AppointmentController.php:19
#27 /vendor/laravel/framework/src/Illuminate/Pipeline/Pipeline.php:162
#28 /app/Http/Middleware/RedirectIfNotAdmin.php:22
#29 /vendor/laravel/framework/src/Illuminate/Pipeline/Pipeline.php:180
#30 /app/Http/Middleware/LanguageMiddleware.php:22
#31 /vendor/laravel/framework/src/Illuminate/Pipeline/Pipeline.php:180
#32 /vendor/laravel/framework/src/Illuminate/Routing/Middleware/SubstituteBindings.php:50
#33 /vendor/laravel/framework/src/Illuminate/Pipeline/Pipeline.php:180
#34 /vendor/laravel/framework/src/Illuminate/Foundation/Http/Middleware/VerifyCsrfToken.php:78
#35 /vendor/laravel/framework/src/Illuminate/Pipeline/Pipeline.php:180
#36 /vendor/laravel/framework/src/Illuminate/View/Middleware/ShareErrorsFromSession.php:49
#37 /vendor/laravel/framework/src/Illuminate/Pipeline/Pipeline.php:180
#38 /vendor/laravel/framework/src/Illuminate/Session/Middleware/StartSession.php:121
#39 /vendor/laravel/framework/src/Illuminate/Session/Middleware/StartSession.php:64
#40 /vendor/laravel/framework/src/Illuminate/Pipeline/Pipeline.php:180
#41 /vendor/laravel/framework/src/Illuminate/Cookie/Middleware/AddQueuedCookiesToResponse.php:37
#42 /vendor/laravel/framework/src/Illuminate/Pipeline/Pipeline.php:180
#43 /vendor/laravel/framework/src/Illuminate/Cookie/Middleware/EncryptCookies.php:67
#44 /vendor/laravel/framework/src/Illuminate/Pipeline/Pipeline.php:180
#45 /vendor/laramin/utility/src/Utility.php:14
#46 /vendor/laravel/framework/src/Illuminate/Pipeline/Pipeline.php:180
#47 /vendor/laravel/framework/src/Illuminate/Pipeline/Pipeline.php:116
#48 /vendor/laravel/framework/src/Illuminate/Routing/Router.php:797
#49 /vendor/laravel/framework/src/Illuminate/Routing/Router.php:776
  
[2025-08-05 16:58:35] production.INFO: Detected N+1 Query  
[2025-08-05 16:58:35] production.INFO: Model: App\Models\Appointment
Relation: App\Models\Staff
Num-Called: 2
Call-Stack:
#18 /app/Traits/AppointmentManager.php:281
#19 /app/Traits/AppointmentManager.php:315
#20 /vendor/laravel/framework/src/Illuminate/Routing/Controller.php:54
#21 /vendor/laravel/framework/src/Illuminate/Routing/ControllerDispatcher.php:43
#22 /vendor/laravel/framework/src/Illuminate/Routing/Route.php:259
#23 /vendor/laravel/framework/src/Illuminate/Routing/Route.php:205
#24 /vendor/laravel/framework/src/Illuminate/Routing/Router.php:798
#25 /vendor/laravel/framework/src/Illuminate/Pipeline/Pipeline.php:141
#26 /app/Http/Controllers/Admin/AppointmentController.php:19
#27 /vendor/laravel/framework/src/Illuminate/Pipeline/Pipeline.php:162
#28 /app/Http/Middleware/RedirectIfNotAdmin.php:22
#29 /vendor/laravel/framework/src/Illuminate/Pipeline/Pipeline.php:180
#30 /app/Http/Middleware/LanguageMiddleware.php:22
#31 /vendor/laravel/framework/src/Illuminate/Pipeline/Pipeline.php:180
#32 /vendor/laravel/framework/src/Illuminate/Routing/Middleware/SubstituteBindings.php:50
#33 /vendor/laravel/framework/src/Illuminate/Pipeline/Pipeline.php:180
#34 /vendor/laravel/framework/src/Illuminate/Foundation/Http/Middleware/VerifyCsrfToken.php:78
#35 /vendor/laravel/framework/src/Illuminate/Pipeline/Pipeline.php:180
#36 /vendor/laravel/framework/src/Illuminate/View/Middleware/ShareErrorsFromSession.php:49
#37 /vendor/laravel/framework/src/Illuminate/Pipeline/Pipeline.php:180
#38 /vendor/laravel/framework/src/Illuminate/Session/Middleware/StartSession.php:121
#39 /vendor/laravel/framework/src/Illuminate/Session/Middleware/StartSession.php:64
#40 /vendor/laravel/framework/src/Illuminate/Pipeline/Pipeline.php:180
#41 /vendor/laravel/framework/src/Illuminate/Cookie/Middleware/AddQueuedCookiesToResponse.php:37
#42 /vendor/laravel/framework/src/Illuminate/Pipeline/Pipeline.php:180
#43 /vendor/laravel/framework/src/Illuminate/Cookie/Middleware/EncryptCookies.php:67
#44 /vendor/laravel/framework/src/Illuminate/Pipeline/Pipeline.php:180
#45 /vendor/laramin/utility/src/Utility.php:14
#46 /vendor/laravel/framework/src/Illuminate/Pipeline/Pipeline.php:180
#47 /vendor/laravel/framework/src/Illuminate/Pipeline/Pipeline.php:116
#48 /vendor/laravel/framework/src/Illuminate/Routing/Router.php:797
#49 /vendor/laravel/framework/src/Illuminate/Routing/Router.php:776
  
[2025-08-05 16:58:35] production.INFO: Model: App\Models\Appointment
Relation: App\Models\Assistant
Num-Called: 2
Call-Stack:
#18 /app/Traits/AppointmentManager.php:281
#19 /app/Traits/AppointmentManager.php:315
#20 /vendor/laravel/framework/src/Illuminate/Routing/Controller.php:54
#21 /vendor/laravel/framework/src/Illuminate/Routing/ControllerDispatcher.php:43
#22 /vendor/laravel/framework/src/Illuminate/Routing/Route.php:259
#23 /vendor/laravel/framework/src/Illuminate/Routing/Route.php:205
#24 /vendor/laravel/framework/src/Illuminate/Routing/Router.php:798
#25 /vendor/laravel/framework/src/Illuminate/Pipeline/Pipeline.php:141
#26 /app/Http/Controllers/Admin/AppointmentController.php:19
#27 /vendor/laravel/framework/src/Illuminate/Pipeline/Pipeline.php:162
#28 /app/Http/Middleware/RedirectIfNotAdmin.php:22
#29 /vendor/laravel/framework/src/Illuminate/Pipeline/Pipeline.php:180
#30 /app/Http/Middleware/LanguageMiddleware.php:22
#31 /vendor/laravel/framework/src/Illuminate/Pipeline/Pipeline.php:180
#32 /vendor/laravel/framework/src/Illuminate/Routing/Middleware/SubstituteBindings.php:50
#33 /vendor/laravel/framework/src/Illuminate/Pipeline/Pipeline.php:180
#34 /vendor/laravel/framework/src/Illuminate/Foundation/Http/Middleware/VerifyCsrfToken.php:78
#35 /vendor/laravel/framework/src/Illuminate/Pipeline/Pipeline.php:180
#36 /vendor/laravel/framework/src/Illuminate/View/Middleware/ShareErrorsFromSession.php:49
#37 /vendor/laravel/framework/src/Illuminate/Pipeline/Pipeline.php:180
#38 /vendor/laravel/framework/src/Illuminate/Session/Middleware/StartSession.php:121
#39 /vendor/laravel/framework/src/Illuminate/Session/Middleware/StartSession.php:64
#40 /vendor/laravel/framework/src/Illuminate/Pipeline/Pipeline.php:180
#41 /vendor/laravel/framework/src/Illuminate/Cookie/Middleware/AddQueuedCookiesToResponse.php:37
#42 /vendor/laravel/framework/src/Illuminate/Pipeline/Pipeline.php:180
#43 /vendor/laravel/framework/src/Illuminate/Cookie/Middleware/EncryptCookies.php:67
#44 /vendor/laravel/framework/src/Illuminate/Pipeline/Pipeline.php:180
#45 /vendor/laramin/utility/src/Utility.php:14
#46 /vendor/laravel/framework/src/Illuminate/Pipeline/Pipeline.php:180
#47 /vendor/laravel/framework/src/Illuminate/Pipeline/Pipeline.php:116
#48 /vendor/laravel/framework/src/Illuminate/Routing/Router.php:797
#49 /vendor/laravel/framework/src/Illuminate/Routing/Router.php:776
  
[2025-08-05 16:59:16] production.INFO: Detected N+1 Query  
[2025-08-05 16:59:16] production.INFO: Model: App\Models\Appointment
Relation: App\Models\Staff
Num-Called: 2
Call-Stack:
#18 /app/Traits/AppointmentManager.php:281
#19 /app/Traits/AppointmentManager.php:315
#20 /vendor/laravel/framework/src/Illuminate/Routing/Controller.php:54
#21 /vendor/laravel/framework/src/Illuminate/Routing/ControllerDispatcher.php:43
#22 /vendor/laravel/framework/src/Illuminate/Routing/Route.php:259
#23 /vendor/laravel/framework/src/Illuminate/Routing/Route.php:205
#24 /vendor/laravel/framework/src/Illuminate/Routing/Router.php:798
#25 /vendor/laravel/framework/src/Illuminate/Pipeline/Pipeline.php:141
#26 /app/Http/Controllers/Admin/AppointmentController.php:19
#27 /vendor/laravel/framework/src/Illuminate/Pipeline/Pipeline.php:162
#28 /app/Http/Middleware/RedirectIfNotAdmin.php:22
#29 /vendor/laravel/framework/src/Illuminate/Pipeline/Pipeline.php:180
#30 /app/Http/Middleware/LanguageMiddleware.php:22
#31 /vendor/laravel/framework/src/Illuminate/Pipeline/Pipeline.php:180
#32 /vendor/laravel/framework/src/Illuminate/Routing/Middleware/SubstituteBindings.php:50
#33 /vendor/laravel/framework/src/Illuminate/Pipeline/Pipeline.php:180
#34 /vendor/laravel/framework/src/Illuminate/Foundation/Http/Middleware/VerifyCsrfToken.php:78
#35 /vendor/laravel/framework/src/Illuminate/Pipeline/Pipeline.php:180
#36 /vendor/laravel/framework/src/Illuminate/View/Middleware/ShareErrorsFromSession.php:49
#37 /vendor/laravel/framework/src/Illuminate/Pipeline/Pipeline.php:180
#38 /vendor/laravel/framework/src/Illuminate/Session/Middleware/StartSession.php:121
#39 /vendor/laravel/framework/src/Illuminate/Session/Middleware/StartSession.php:64
#40 /vendor/laravel/framework/src/Illuminate/Pipeline/Pipeline.php:180
#41 /vendor/laravel/framework/src/Illuminate/Cookie/Middleware/AddQueuedCookiesToResponse.php:37
#42 /vendor/laravel/framework/src/Illuminate/Pipeline/Pipeline.php:180
#43 /vendor/laravel/framework/src/Illuminate/Cookie/Middleware/EncryptCookies.php:67
#44 /vendor/laravel/framework/src/Illuminate/Pipeline/Pipeline.php:180
#45 /vendor/laramin/utility/src/Utility.php:14
#46 /vendor/laravel/framework/src/Illuminate/Pipeline/Pipeline.php:180
#47 /vendor/laravel/framework/src/Illuminate/Pipeline/Pipeline.php:116
#48 /vendor/laravel/framework/src/Illuminate/Routing/Router.php:797
#49 /vendor/laravel/framework/src/Illuminate/Routing/Router.php:776
  
[2025-08-05 16:59:16] production.INFO: Model: App\Models\Appointment
Relation: App\Models\Assistant
Num-Called: 2
Call-Stack:
#18 /app/Traits/AppointmentManager.php:281
#19 /app/Traits/AppointmentManager.php:315
#20 /vendor/laravel/framework/src/Illuminate/Routing/Controller.php:54
#21 /vendor/laravel/framework/src/Illuminate/Routing/ControllerDispatcher.php:43
#22 /vendor/laravel/framework/src/Illuminate/Routing/Route.php:259
#23 /vendor/laravel/framework/src/Illuminate/Routing/Route.php:205
#24 /vendor/laravel/framework/src/Illuminate/Routing/Router.php:798
#25 /vendor/laravel/framework/src/Illuminate/Pipeline/Pipeline.php:141
#26 /app/Http/Controllers/Admin/AppointmentController.php:19
#27 /vendor/laravel/framework/src/Illuminate/Pipeline/Pipeline.php:162
#28 /app/Http/Middleware/RedirectIfNotAdmin.php:22
#29 /vendor/laravel/framework/src/Illuminate/Pipeline/Pipeline.php:180
#30 /app/Http/Middleware/LanguageMiddleware.php:22
#31 /vendor/laravel/framework/src/Illuminate/Pipeline/Pipeline.php:180
#32 /vendor/laravel/framework/src/Illuminate/Routing/Middleware/SubstituteBindings.php:50
#33 /vendor/laravel/framework/src/Illuminate/Pipeline/Pipeline.php:180
#34 /vendor/laravel/framework/src/Illuminate/Foundation/Http/Middleware/VerifyCsrfToken.php:78
#35 /vendor/laravel/framework/src/Illuminate/Pipeline/Pipeline.php:180
#36 /vendor/laravel/framework/src/Illuminate/View/Middleware/ShareErrorsFromSession.php:49
#37 /vendor/laravel/framework/src/Illuminate/Pipeline/Pipeline.php:180
#38 /vendor/laravel/framework/src/Illuminate/Session/Middleware/StartSession.php:121
#39 /vendor/laravel/framework/src/Illuminate/Session/Middleware/StartSession.php:64
#40 /vendor/laravel/framework/src/Illuminate/Pipeline/Pipeline.php:180
#41 /vendor/laravel/framework/src/Illuminate/Cookie/Middleware/AddQueuedCookiesToResponse.php:37
#42 /vendor/laravel/framework/src/Illuminate/Pipeline/Pipeline.php:180
#43 /vendor/laravel/framework/src/Illuminate/Cookie/Middleware/EncryptCookies.php:67
#44 /vendor/laravel/framework/src/Illuminate/Pipeline/Pipeline.php:180
#45 /vendor/laramin/utility/src/Utility.php:14
#46 /vendor/laravel/framework/src/Illuminate/Pipeline/Pipeline.php:180
#47 /vendor/laravel/framework/src/Illuminate/Pipeline/Pipeline.php:116
#48 /vendor/laravel/framework/src/Illuminate/Routing/Router.php:797
#49 /vendor/laravel/framework/src/Illuminate/Routing/Router.php:776
  
[2025-08-05 17:23:39] production.INFO: Detected N+1 Query  
[2025-08-05 17:23:39] production.INFO: Model: App\Models\Appointment
Relation: App\Models\Staff
Num-Called: 2
Call-Stack:
#18 /app/Traits/AppointmentManager.php:281
#19 /app/Traits/AppointmentManager.php:311
#20 /vendor/laravel/framework/src/Illuminate/Routing/Controller.php:54
#21 /vendor/laravel/framework/src/Illuminate/Routing/ControllerDispatcher.php:43
#22 /vendor/laravel/framework/src/Illuminate/Routing/Route.php:259
#23 /vendor/laravel/framework/src/Illuminate/Routing/Route.php:205
#24 /vendor/laravel/framework/src/Illuminate/Routing/Router.php:798
#25 /vendor/laravel/framework/src/Illuminate/Pipeline/Pipeline.php:141
#26 /app/Http/Controllers/Admin/AppointmentController.php:19
#27 /vendor/laravel/framework/src/Illuminate/Pipeline/Pipeline.php:162
#28 /app/Http/Middleware/RedirectIfNotAdmin.php:22
#29 /vendor/laravel/framework/src/Illuminate/Pipeline/Pipeline.php:180
#30 /app/Http/Middleware/LanguageMiddleware.php:22
#31 /vendor/laravel/framework/src/Illuminate/Pipeline/Pipeline.php:180
#32 /vendor/laravel/framework/src/Illuminate/Routing/Middleware/SubstituteBindings.php:50
#33 /vendor/laravel/framework/src/Illuminate/Pipeline/Pipeline.php:180
#34 /vendor/laravel/framework/src/Illuminate/Foundation/Http/Middleware/VerifyCsrfToken.php:78
#35 /vendor/laravel/framework/src/Illuminate/Pipeline/Pipeline.php:180
#36 /vendor/laravel/framework/src/Illuminate/View/Middleware/ShareErrorsFromSession.php:49
#37 /vendor/laravel/framework/src/Illuminate/Pipeline/Pipeline.php:180
#38 /vendor/laravel/framework/src/Illuminate/Session/Middleware/StartSession.php:121
#39 /vendor/laravel/framework/src/Illuminate/Session/Middleware/StartSession.php:64
#40 /vendor/laravel/framework/src/Illuminate/Pipeline/Pipeline.php:180
#41 /vendor/laravel/framework/src/Illuminate/Cookie/Middleware/AddQueuedCookiesToResponse.php:37
#42 /vendor/laravel/framework/src/Illuminate/Pipeline/Pipeline.php:180
#43 /vendor/laravel/framework/src/Illuminate/Cookie/Middleware/EncryptCookies.php:67
#44 /vendor/laravel/framework/src/Illuminate/Pipeline/Pipeline.php:180
#45 /vendor/laramin/utility/src/Utility.php:14
#46 /vendor/laravel/framework/src/Illuminate/Pipeline/Pipeline.php:180
#47 /vendor/laravel/framework/src/Illuminate/Pipeline/Pipeline.php:116
#48 /vendor/laravel/framework/src/Illuminate/Routing/Router.php:797
#49 /vendor/laravel/framework/src/Illuminate/Routing/Router.php:776
  
[2025-08-05 17:23:39] production.INFO: Model: App\Models\Appointment
Relation: App\Models\Assistant
Num-Called: 2
Call-Stack:
#18 /app/Traits/AppointmentManager.php:281
#19 /app/Traits/AppointmentManager.php:311
#20 /vendor/laravel/framework/src/Illuminate/Routing/Controller.php:54
#21 /vendor/laravel/framework/src/Illuminate/Routing/ControllerDispatcher.php:43
#22 /vendor/laravel/framework/src/Illuminate/Routing/Route.php:259
#23 /vendor/laravel/framework/src/Illuminate/Routing/Route.php:205
#24 /vendor/laravel/framework/src/Illuminate/Routing/Router.php:798
#25 /vendor/laravel/framework/src/Illuminate/Pipeline/Pipeline.php:141
#26 /app/Http/Controllers/Admin/AppointmentController.php:19
#27 /vendor/laravel/framework/src/Illuminate/Pipeline/Pipeline.php:162
#28 /app/Http/Middleware/RedirectIfNotAdmin.php:22
#29 /vendor/laravel/framework/src/Illuminate/Pipeline/Pipeline.php:180
#30 /app/Http/Middleware/LanguageMiddleware.php:22
#31 /vendor/laravel/framework/src/Illuminate/Pipeline/Pipeline.php:180
#32 /vendor/laravel/framework/src/Illuminate/Routing/Middleware/SubstituteBindings.php:50
#33 /vendor/laravel/framework/src/Illuminate/Pipeline/Pipeline.php:180
#34 /vendor/laravel/framework/src/Illuminate/Foundation/Http/Middleware/VerifyCsrfToken.php:78
#35 /vendor/laravel/framework/src/Illuminate/Pipeline/Pipeline.php:180
#36 /vendor/laravel/framework/src/Illuminate/View/Middleware/ShareErrorsFromSession.php:49
#37 /vendor/laravel/framework/src/Illuminate/Pipeline/Pipeline.php:180
#38 /vendor/laravel/framework/src/Illuminate/Session/Middleware/StartSession.php:121
#39 /vendor/laravel/framework/src/Illuminate/Session/Middleware/StartSession.php:64
#40 /vendor/laravel/framework/src/Illuminate/Pipeline/Pipeline.php:180
#41 /vendor/laravel/framework/src/Illuminate/Cookie/Middleware/AddQueuedCookiesToResponse.php:37
#42 /vendor/laravel/framework/src/Illuminate/Pipeline/Pipeline.php:180
#43 /vendor/laravel/framework/src/Illuminate/Cookie/Middleware/EncryptCookies.php:67
#44 /vendor/laravel/framework/src/Illuminate/Pipeline/Pipeline.php:180
#45 /vendor/laramin/utility/src/Utility.php:14
#46 /vendor/laravel/framework/src/Illuminate/Pipeline/Pipeline.php:180
#47 /vendor/laravel/framework/src/Illuminate/Pipeline/Pipeline.php:116
#48 /vendor/laravel/framework/src/Illuminate/Routing/Router.php:797
#49 /vendor/laravel/framework/src/Illuminate/Routing/Router.php:776
  
[2025-08-05 17:26:23] production.INFO: Detected N+1 Query  
[2025-08-05 17:26:23] production.INFO: Model: App\Models\Appointment
Relation: App\Models\Staff
Num-Called: 2
Call-Stack:
#18 /app/Traits/AppointmentManager.php:281
#19 /app/Traits/AppointmentManager.php:311
#20 /vendor/laravel/framework/src/Illuminate/Routing/Controller.php:54
#21 /vendor/laravel/framework/src/Illuminate/Routing/ControllerDispatcher.php:43
#22 /vendor/laravel/framework/src/Illuminate/Routing/Route.php:259
#23 /vendor/laravel/framework/src/Illuminate/Routing/Route.php:205
#24 /vendor/laravel/framework/src/Illuminate/Routing/Router.php:798
#25 /vendor/laravel/framework/src/Illuminate/Pipeline/Pipeline.php:141
#26 /app/Http/Controllers/Admin/AppointmentController.php:19
#27 /vendor/laravel/framework/src/Illuminate/Pipeline/Pipeline.php:162
#28 /app/Http/Middleware/RedirectIfNotAdmin.php:22
#29 /vendor/laravel/framework/src/Illuminate/Pipeline/Pipeline.php:180
#30 /app/Http/Middleware/LanguageMiddleware.php:22
#31 /vendor/laravel/framework/src/Illuminate/Pipeline/Pipeline.php:180
#32 /vendor/laravel/framework/src/Illuminate/Routing/Middleware/SubstituteBindings.php:50
#33 /vendor/laravel/framework/src/Illuminate/Pipeline/Pipeline.php:180
#34 /vendor/laravel/framework/src/Illuminate/Foundation/Http/Middleware/VerifyCsrfToken.php:78
#35 /vendor/laravel/framework/src/Illuminate/Pipeline/Pipeline.php:180
#36 /vendor/laravel/framework/src/Illuminate/View/Middleware/ShareErrorsFromSession.php:49
#37 /vendor/laravel/framework/src/Illuminate/Pipeline/Pipeline.php:180
#38 /vendor/laravel/framework/src/Illuminate/Session/Middleware/StartSession.php:121
#39 /vendor/laravel/framework/src/Illuminate/Session/Middleware/StartSession.php:64
#40 /vendor/laravel/framework/src/Illuminate/Pipeline/Pipeline.php:180
#41 /vendor/laravel/framework/src/Illuminate/Cookie/Middleware/AddQueuedCookiesToResponse.php:37
#42 /vendor/laravel/framework/src/Illuminate/Pipeline/Pipeline.php:180
#43 /vendor/laravel/framework/src/Illuminate/Cookie/Middleware/EncryptCookies.php:67
#44 /vendor/laravel/framework/src/Illuminate/Pipeline/Pipeline.php:180
#45 /vendor/laramin/utility/src/Utility.php:14
#46 /vendor/laravel/framework/src/Illuminate/Pipeline/Pipeline.php:180
#47 /vendor/laravel/framework/src/Illuminate/Pipeline/Pipeline.php:116
#48 /vendor/laravel/framework/src/Illuminate/Routing/Router.php:797
#49 /vendor/laravel/framework/src/Illuminate/Routing/Router.php:776
  
[2025-08-05 17:26:23] production.INFO: Model: App\Models\Appointment
Relation: App\Models\Assistant
Num-Called: 2
Call-Stack:
#18 /app/Traits/AppointmentManager.php:281
#19 /app/Traits/AppointmentManager.php:311
#20 /vendor/laravel/framework/src/Illuminate/Routing/Controller.php:54
#21 /vendor/laravel/framework/src/Illuminate/Routing/ControllerDispatcher.php:43
#22 /vendor/laravel/framework/src/Illuminate/Routing/Route.php:259
#23 /vendor/laravel/framework/src/Illuminate/Routing/Route.php:205
#24 /vendor/laravel/framework/src/Illuminate/Routing/Router.php:798
#25 /vendor/laravel/framework/src/Illuminate/Pipeline/Pipeline.php:141
#26 /app/Http/Controllers/Admin/AppointmentController.php:19
#27 /vendor/laravel/framework/src/Illuminate/Pipeline/Pipeline.php:162
#28 /app/Http/Middleware/RedirectIfNotAdmin.php:22
#29 /vendor/laravel/framework/src/Illuminate/Pipeline/Pipeline.php:180
#30 /app/Http/Middleware/LanguageMiddleware.php:22
#31 /vendor/laravel/framework/src/Illuminate/Pipeline/Pipeline.php:180
#32 /vendor/laravel/framework/src/Illuminate/Routing/Middleware/SubstituteBindings.php:50
#33 /vendor/laravel/framework/src/Illuminate/Pipeline/Pipeline.php:180
#34 /vendor/laravel/framework/src/Illuminate/Foundation/Http/Middleware/VerifyCsrfToken.php:78
#35 /vendor/laravel/framework/src/Illuminate/Pipeline/Pipeline.php:180
#36 /vendor/laravel/framework/src/Illuminate/View/Middleware/ShareErrorsFromSession.php:49
#37 /vendor/laravel/framework/src/Illuminate/Pipeline/Pipeline.php:180
#38 /vendor/laravel/framework/src/Illuminate/Session/Middleware/StartSession.php:121
#39 /vendor/laravel/framework/src/Illuminate/Session/Middleware/StartSession.php:64
#40 /vendor/laravel/framework/src/Illuminate/Pipeline/Pipeline.php:180
#41 /vendor/laravel/framework/src/Illuminate/Cookie/Middleware/AddQueuedCookiesToResponse.php:37
#42 /vendor/laravel/framework/src/Illuminate/Pipeline/Pipeline.php:180
#43 /vendor/laravel/framework/src/Illuminate/Cookie/Middleware/EncryptCookies.php:67
#44 /vendor/laravel/framework/src/Illuminate/Pipeline/Pipeline.php:180
#45 /vendor/laramin/utility/src/Utility.php:14
#46 /vendor/laravel/framework/src/Illuminate/Pipeline/Pipeline.php:180
#47 /vendor/laravel/framework/src/Illuminate/Pipeline/Pipeline.php:116
#48 /vendor/laravel/framework/src/Illuminate/Routing/Router.php:797
#49 /vendor/laravel/framework/src/Illuminate/Routing/Router.php:776
  
[2025-08-05 17:27:02] production.INFO: Detected N+1 Query  
[2025-08-05 17:27:02] production.INFO: Model: App\Models\Appointment
Relation: App\Models\Staff
Num-Called: 2
Call-Stack:
#18 /app/Traits/AppointmentManager.php:281
#19 /app/Traits/AppointmentManager.php:318
#20 /vendor/laravel/framework/src/Illuminate/Routing/Controller.php:54
#21 /vendor/laravel/framework/src/Illuminate/Routing/ControllerDispatcher.php:43
#22 /vendor/laravel/framework/src/Illuminate/Routing/Route.php:259
#23 /vendor/laravel/framework/src/Illuminate/Routing/Route.php:205
#24 /vendor/laravel/framework/src/Illuminate/Routing/Router.php:798
#25 /vendor/laravel/framework/src/Illuminate/Pipeline/Pipeline.php:141
#26 /app/Http/Controllers/Admin/AppointmentController.php:19
#27 /vendor/laravel/framework/src/Illuminate/Pipeline/Pipeline.php:162
#28 /app/Http/Middleware/RedirectIfNotAdmin.php:22
#29 /vendor/laravel/framework/src/Illuminate/Pipeline/Pipeline.php:180
#30 /app/Http/Middleware/LanguageMiddleware.php:22
#31 /vendor/laravel/framework/src/Illuminate/Pipeline/Pipeline.php:180
#32 /vendor/laravel/framework/src/Illuminate/Routing/Middleware/SubstituteBindings.php:50
#33 /vendor/laravel/framework/src/Illuminate/Pipeline/Pipeline.php:180
#34 /vendor/laravel/framework/src/Illuminate/Foundation/Http/Middleware/VerifyCsrfToken.php:78
#35 /vendor/laravel/framework/src/Illuminate/Pipeline/Pipeline.php:180
#36 /vendor/laravel/framework/src/Illuminate/View/Middleware/ShareErrorsFromSession.php:49
#37 /vendor/laravel/framework/src/Illuminate/Pipeline/Pipeline.php:180
#38 /vendor/laravel/framework/src/Illuminate/Session/Middleware/StartSession.php:121
#39 /vendor/laravel/framework/src/Illuminate/Session/Middleware/StartSession.php:64
#40 /vendor/laravel/framework/src/Illuminate/Pipeline/Pipeline.php:180
#41 /vendor/laravel/framework/src/Illuminate/Cookie/Middleware/AddQueuedCookiesToResponse.php:37
#42 /vendor/laravel/framework/src/Illuminate/Pipeline/Pipeline.php:180
#43 /vendor/laravel/framework/src/Illuminate/Cookie/Middleware/EncryptCookies.php:67
#44 /vendor/laravel/framework/src/Illuminate/Pipeline/Pipeline.php:180
#45 /vendor/laramin/utility/src/Utility.php:14
#46 /vendor/laravel/framework/src/Illuminate/Pipeline/Pipeline.php:180
#47 /vendor/laravel/framework/src/Illuminate/Pipeline/Pipeline.php:116
#48 /vendor/laravel/framework/src/Illuminate/Routing/Router.php:797
#49 /vendor/laravel/framework/src/Illuminate/Routing/Router.php:776
  
[2025-08-05 17:27:02] production.INFO: Model: App\Models\Appointment
Relation: App\Models\Assistant
Num-Called: 2
Call-Stack:
#18 /app/Traits/AppointmentManager.php:281
#19 /app/Traits/AppointmentManager.php:318
#20 /vendor/laravel/framework/src/Illuminate/Routing/Controller.php:54
#21 /vendor/laravel/framework/src/Illuminate/Routing/ControllerDispatcher.php:43
#22 /vendor/laravel/framework/src/Illuminate/Routing/Route.php:259
#23 /vendor/laravel/framework/src/Illuminate/Routing/Route.php:205
#24 /vendor/laravel/framework/src/Illuminate/Routing/Router.php:798
#25 /vendor/laravel/framework/src/Illuminate/Pipeline/Pipeline.php:141
#26 /app/Http/Controllers/Admin/AppointmentController.php:19
#27 /vendor/laravel/framework/src/Illuminate/Pipeline/Pipeline.php:162
#28 /app/Http/Middleware/RedirectIfNotAdmin.php:22
#29 /vendor/laravel/framework/src/Illuminate/Pipeline/Pipeline.php:180
#30 /app/Http/Middleware/LanguageMiddleware.php:22
#31 /vendor/laravel/framework/src/Illuminate/Pipeline/Pipeline.php:180
#32 /vendor/laravel/framework/src/Illuminate/Routing/Middleware/SubstituteBindings.php:50
#33 /vendor/laravel/framework/src/Illuminate/Pipeline/Pipeline.php:180
#34 /vendor/laravel/framework/src/Illuminate/Foundation/Http/Middleware/VerifyCsrfToken.php:78
#35 /vendor/laravel/framework/src/Illuminate/Pipeline/Pipeline.php:180
#36 /vendor/laravel/framework/src/Illuminate/View/Middleware/ShareErrorsFromSession.php:49
#37 /vendor/laravel/framework/src/Illuminate/Pipeline/Pipeline.php:180
#38 /vendor/laravel/framework/src/Illuminate/Session/Middleware/StartSession.php:121
#39 /vendor/laravel/framework/src/Illuminate/Session/Middleware/StartSession.php:64
#40 /vendor/laravel/framework/src/Illuminate/Pipeline/Pipeline.php:180
#41 /vendor/laravel/framework/src/Illuminate/Cookie/Middleware/AddQueuedCookiesToResponse.php:37
#42 /vendor/laravel/framework/src/Illuminate/Pipeline/Pipeline.php:180
#43 /vendor/laravel/framework/src/Illuminate/Cookie/Middleware/EncryptCookies.php:67
#44 /vendor/laravel/framework/src/Illuminate/Pipeline/Pipeline.php:180
#45 /vendor/laramin/utility/src/Utility.php:14
#46 /vendor/laravel/framework/src/Illuminate/Pipeline/Pipeline.php:180
#47 /vendor/laravel/framework/src/Illuminate/Pipeline/Pipeline.php:116
#48 /vendor/laravel/framework/src/Illuminate/Routing/Router.php:797
#49 /vendor/laravel/framework/src/Illuminate/Routing/Router.php:776
  
